<?xml version="1.0" encoding="UTF-8"?>
<testng-results skipped="0" failed="0" total="1" passed="1">
  <reporter-output>
  </reporter-output>
  <suite name="Default suite" duration-ms="6128" started-at="2016-12-06T17:32:57Z" finished-at="2016-12-06T17:33:03Z">
    <groups>
    </groups>
    <test name="Default test" duration-ms="6128" started-at="2016-12-06T17:32:57Z" finished-at="2016-12-06T17:33:03Z">
      <class name="post.PostTest">
        <test-method status="PASS" signature="postRequest()[pri:0, instance:post.PostTest@53ecb4e2]" name="postRequest" is-config="true" duration-ms="6061" started-at="2016-12-06T12:32:57Z" finished-at="2016-12-06T12:33:03Z">
          <reporter-output>
          </reporter-output>
        </test-method> <!-- postRequest -->
        <test-method status="PASS" signature="testStatusCode()[pri:0, instance:post.PostTest@53ecb4e2]" name="testStatusCode" duration-ms="42" started-at="2016-12-06T12:33:03Z" finished-at="2016-12-06T12:33:03Z">
          <reporter-output>
          </reporter-output>
        </test-method> <!-- testStatusCode -->
      </class> <!-- post.PostTest -->
    </test> <!-- Default test -->
  </suite> <!-- Default suite -->
</testng-results>
